2014-05-29 15-44
=============================== GM ERROR LOG ===============================
= ERROR REPORT START - 2.0 (2.12.1) (Phoenix) =

java.lang.IllegalArgumentException: The following file couldn't pass on Parser.
plugins\GroupManager\worlds\void\groups.yml
	at org.anjocaido.groupmanager.dataholder.WorldDataHolder.loadGroups(WorldDataHolder.java:496)
	at org.anjocaido.groupmanager.dataholder.WorldDataHolder.loadGroups(WorldDataHolder.java:416)
	at org.anjocaido.groupmanager.dataholder.worlds.WorldsHolder.loadWorld(WorldsHolder.java:678)
	at org.anjocaido.groupmanager.dataholder.worlds.WorldsHolder.loadWorld(WorldsHolder.java:640)
	at org.anjocaido.groupmanager.dataholder.worlds.WorldsHolder.mirrorSetUp(WorldsHolder.java:182)
	at org.anjocaido.groupmanager.dataholder.worlds.WorldsHolder.initialLoad(WorldsHolder.java:102)
	at org.anjocaido.groupmanager.dataholder.worlds.WorldsHolder.resetWorldsHolder(WorldsHolder.java:92)
	at org.anjocaido.groupmanager.dataholder.worlds.WorldsHolder.<init>(WorldsHolder.java:59)
	at org.anjocaido.groupmanager.GroupManager.onEnable(GroupManager.java:169)
	at org.anjocaido.groupmanager.GroupManager.onEnable(GroupManager.java:93)
	at org.bukkit.plugin.java.JavaPlugin.setEnabled(JavaPlugin.java:250)
	at org.bukkit.plugin.java.JavaPluginLoader.enablePlugin(JavaPluginLoader.java:350)
	at org.bukkit.plugin.SimplePluginManager.enablePlugin(SimplePluginManager.java:389)
	at org.bukkit.craftbukkit.v1_7_R1.CraftServer.loadPlugin(CraftServer.java:439)
	at org.bukkit.craftbukkit.v1_7_R1.CraftServer.enablePlugins(CraftServer.java:375)
	at net.minecraft.server.v1_7_R1.MinecraftServer.m(MinecraftServer.java:342)
	at net.minecraft.server.v1_7_R1.MinecraftServer.g(MinecraftServer.java:319)
	at net.minecraft.server.v1_7_R1.MinecraftServer.a(MinecraftServer.java:275)
	at net.minecraft.server.v1_7_R1.DedicatedServer.init(DedicatedServer.java:175)
	at net.minecraft.server.v1_7_R1.MinecraftServer.run(MinecraftServer.java:424)
	at net.minecraft.server.v1_7_R1.ThreadServerApplication.run(SourceFile:617)
Caused by: while parsing a block mapping
 in "<reader>", line 1, column 1:
    groups:
    ^
expected <block end>, but found BlockMappingStart
 in "<reader>", line 59, column 3:
      Rød1:
      ^

	at org.yaml.snakeyaml.parser.ParserImpl$ParseBlockMappingKey.produce(ParserImpl.java:575)
	at org.yaml.snakeyaml.parser.ParserImpl.peekEvent(ParserImpl.java:161)
	at org.yaml.snakeyaml.parser.ParserImpl.checkEvent(ParserImpl.java:146)
	at org.yaml.snakeyaml.composer.Composer.composeMappingNode(Composer.java:230)
	at org.yaml.snakeyaml.composer.Composer.composeNode(Composer.java:160)
	at org.yaml.snakeyaml.composer.Composer.composeDocument(Composer.java:123)
	at org.yaml.snakeyaml.composer.Composer.getSingleNode(Composer.java:106)
	at org.yaml.snakeyaml.constructor.BaseConstructor.getSingleData(BaseConstructor.java:121)
	at org.yaml.snakeyaml.Yaml.loadFromReader(Yaml.java:480)
	at org.yaml.snakeyaml.Yaml.load(Yaml.java:423)
	at org.anjocaido.groupmanager.dataholder.WorldDataHolder.loadGroups(WorldDataHolder.java:491)
	... 20 more

============================================================================

2014-05-29 19-19
=============================== GM ERROR LOG ===============================
= ERROR REPORT START - 2.0 (2.12.1) (Phoenix) =

java.lang.IllegalArgumentException: The following file couldn't pass on Parser.
plugins\GroupManager\worlds\void\groups.yml
	at org.anjocaido.groupmanager.dataholder.WorldDataHolder.loadGroups(WorldDataHolder.java:496)
	at org.anjocaido.groupmanager.dataholder.WorldDataHolder.loadGroups(WorldDataHolder.java:416)
	at org.anjocaido.groupmanager.dataholder.worlds.WorldsHolder.loadWorld(WorldsHolder.java:678)
	at org.anjocaido.groupmanager.dataholder.worlds.WorldsHolder.loadWorld(WorldsHolder.java:640)
	at org.anjocaido.groupmanager.dataholder.worlds.WorldsHolder.mirrorSetUp(WorldsHolder.java:182)
	at org.anjocaido.groupmanager.dataholder.worlds.WorldsHolder.initialLoad(WorldsHolder.java:102)
	at org.anjocaido.groupmanager.dataholder.worlds.WorldsHolder.resetWorldsHolder(WorldsHolder.java:92)
	at org.anjocaido.groupmanager.dataholder.worlds.WorldsHolder.<init>(WorldsHolder.java:59)
	at org.anjocaido.groupmanager.GroupManager.onEnable(GroupManager.java:169)
	at org.anjocaido.groupmanager.GroupManager.onEnable(GroupManager.java:93)
	at org.bukkit.plugin.java.JavaPlugin.setEnabled(JavaPlugin.java:250)
	at org.bukkit.plugin.java.JavaPluginLoader.enablePlugin(JavaPluginLoader.java:350)
	at org.bukkit.plugin.SimplePluginManager.enablePlugin(SimplePluginManager.java:389)
	at org.bukkit.craftbukkit.v1_7_R1.CraftServer.loadPlugin(CraftServer.java:439)
	at org.bukkit.craftbukkit.v1_7_R1.CraftServer.enablePlugins(CraftServer.java:375)
	at org.bukkit.craftbukkit.v1_7_R1.CraftServer.reload(CraftServer.java:773)
	at org.bukkit.Bukkit.reload(Bukkit.java:279)
	at org.bukkit.command.defaults.ReloadCommand.execute(ReloadCommand.java:23)
	at org.bukkit.command.SimpleCommandMap.dispatch(SimpleCommandMap.java:175)
	at org.bukkit.craftbukkit.v1_7_R1.CraftServer.dispatchCommand(CraftServer.java:683)
	at net.minecraft.server.v1_7_R1.PlayerConnection.handleCommand(PlayerConnection.java:952)
	at net.minecraft.server.v1_7_R1.PlayerConnection.a(PlayerConnection.java:814)
	at net.minecraft.server.v1_7_R1.PacketPlayInChat.a(PacketPlayInChat.java:28)
	at net.minecraft.server.v1_7_R1.PacketPlayInChat.handle(PacketPlayInChat.java:47)
	at net.minecraft.server.v1_7_R1.NetworkManager.a(NetworkManager.java:146)
	at net.minecraft.server.v1_7_R1.ServerConnection.c(SourceFile:134)
	at net.minecraft.server.v1_7_R1.MinecraftServer.u(MinecraftServer.java:655)
	at net.minecraft.server.v1_7_R1.DedicatedServer.u(DedicatedServer.java:250)
	at net.minecraft.server.v1_7_R1.MinecraftServer.t(MinecraftServer.java:545)
	at net.minecraft.server.v1_7_R1.MinecraftServer.run(MinecraftServer.java:457)
	at net.minecraft.server.v1_7_R1.ThreadServerApplication.run(SourceFile:617)
Caused by: while scanning for the next token
found character 	'\t' that cannot start any token
 in "<reader>", line 1019, column 1:
    	  
    ^

	at org.yaml.snakeyaml.scanner.ScannerImpl.fetchMoreTokens(ScannerImpl.java:358)
	at org.yaml.snakeyaml.scanner.ScannerImpl.checkToken(ScannerImpl.java:179)
	at org.yaml.snakeyaml.parser.ParserImpl$ParseBlockMappingKey.produce(ParserImpl.java:563)
	at org.yaml.snakeyaml.parser.ParserImpl.peekEvent(ParserImpl.java:161)
	at org.yaml.snakeyaml.parser.ParserImpl.checkEvent(ParserImpl.java:146)
	at org.yaml.snakeyaml.composer.Composer.composeMappingNode(Composer.java:230)
	at org.yaml.snakeyaml.composer.Composer.composeNode(Composer.java:160)
	at org.yaml.snakeyaml.composer.Composer.composeMappingNode(Composer.java:237)
	at org.yaml.snakeyaml.composer.Composer.composeNode(Composer.java:160)
	at org.yaml.snakeyaml.composer.Composer.composeMappingNode(Composer.java:237)
	at org.yaml.snakeyaml.composer.Composer.composeNode(Composer.java:160)
	at org.yaml.snakeyaml.composer.Composer.composeMappingNode(Composer.java:237)
	at org.yaml.snakeyaml.composer.Composer.composeNode(Composer.java:160)
	at org.yaml.snakeyaml.composer.Composer.composeDocument(Composer.java:123)
	at org.yaml.snakeyaml.composer.Composer.getSingleNode(Composer.java:106)
	at org.yaml.snakeyaml.constructor.BaseConstructor.getSingleData(BaseConstructor.java:121)
	at org.yaml.snakeyaml.Yaml.loadFromReader(Yaml.java:480)
	at org.yaml.snakeyaml.Yaml.load(Yaml.java:423)
	at org.anjocaido.groupmanager.dataholder.WorldDataHolder.loadGroups(WorldDataHolder.java:491)
	... 30 more

============================================================================

2014-05-29 19-19
=============================== GM ERROR LOG ===============================
= ERROR REPORT START - 2.0 (2.12.1) (Phoenix) =

java.lang.IllegalArgumentException: The following file couldn't pass on Parser.
plugins\GroupManager\worlds\void\groups.yml
	at org.anjocaido.groupmanager.dataholder.WorldDataHolder.loadGroups(WorldDataHolder.java:496)
	at org.anjocaido.groupmanager.dataholder.WorldDataHolder.loadGroups(WorldDataHolder.java:416)
	at org.anjocaido.groupmanager.dataholder.worlds.WorldsHolder.loadWorld(WorldsHolder.java:678)
	at org.anjocaido.groupmanager.dataholder.worlds.WorldsHolder.loadWorld(WorldsHolder.java:640)
	at org.anjocaido.groupmanager.dataholder.worlds.WorldsHolder.mirrorSetUp(WorldsHolder.java:182)
	at org.anjocaido.groupmanager.dataholder.worlds.WorldsHolder.initialLoad(WorldsHolder.java:102)
	at org.anjocaido.groupmanager.dataholder.worlds.WorldsHolder.resetWorldsHolder(WorldsHolder.java:92)
	at org.anjocaido.groupmanager.dataholder.worlds.WorldsHolder.<init>(WorldsHolder.java:59)
	at org.anjocaido.groupmanager.GroupManager.onEnable(GroupManager.java:169)
	at org.anjocaido.groupmanager.GroupManager.onEnable(GroupManager.java:93)
	at org.bukkit.plugin.java.JavaPlugin.setEnabled(JavaPlugin.java:250)
	at org.bukkit.plugin.java.JavaPluginLoader.enablePlugin(JavaPluginLoader.java:350)
	at org.bukkit.plugin.SimplePluginManager.enablePlugin(SimplePluginManager.java:389)
	at org.bukkit.craftbukkit.v1_7_R1.CraftServer.loadPlugin(CraftServer.java:439)
	at org.bukkit.craftbukkit.v1_7_R1.CraftServer.enablePlugins(CraftServer.java:375)
	at net.minecraft.server.v1_7_R1.MinecraftServer.m(MinecraftServer.java:342)
	at net.minecraft.server.v1_7_R1.MinecraftServer.g(MinecraftServer.java:319)
	at net.minecraft.server.v1_7_R1.MinecraftServer.a(MinecraftServer.java:275)
	at net.minecraft.server.v1_7_R1.DedicatedServer.init(DedicatedServer.java:175)
	at net.minecraft.server.v1_7_R1.MinecraftServer.run(MinecraftServer.java:424)
	at net.minecraft.server.v1_7_R1.ThreadServerApplication.run(SourceFile:617)
Caused by: while scanning for the next token
found character 	'\t' that cannot start any token
 in "<reader>", line 1019, column 1:
    	  
    ^

	at org.yaml.snakeyaml.scanner.ScannerImpl.fetchMoreTokens(ScannerImpl.java:358)
	at org.yaml.snakeyaml.scanner.ScannerImpl.checkToken(ScannerImpl.java:179)
	at org.yaml.snakeyaml.parser.ParserImpl$ParseBlockMappingKey.produce(ParserImpl.java:563)
	at org.yaml.snakeyaml.parser.ParserImpl.peekEvent(ParserImpl.java:161)
	at org.yaml.snakeyaml.parser.ParserImpl.checkEvent(ParserImpl.java:146)
	at org.yaml.snakeyaml.composer.Composer.composeMappingNode(Composer.java:230)
	at org.yaml.snakeyaml.composer.Composer.composeNode(Composer.java:160)
	at org.yaml.snakeyaml.composer.Composer.composeMappingNode(Composer.java:237)
	at org.yaml.snakeyaml.composer.Composer.composeNode(Composer.java:160)
	at org.yaml.snakeyaml.composer.Composer.composeMappingNode(Composer.java:237)
	at org.yaml.snakeyaml.composer.Composer.composeNode(Composer.java:160)
	at org.yaml.snakeyaml.composer.Composer.composeMappingNode(Composer.java:237)
	at org.yaml.snakeyaml.composer.Composer.composeNode(Composer.java:160)
	at org.yaml.snakeyaml.composer.Composer.composeDocument(Composer.java:123)
	at org.yaml.snakeyaml.composer.Composer.getSingleNode(Composer.java:106)
	at org.yaml.snakeyaml.constructor.BaseConstructor.getSingleData(BaseConstructor.java:121)
	at org.yaml.snakeyaml.Yaml.loadFromReader(Yaml.java:480)
	at org.yaml.snakeyaml.Yaml.load(Yaml.java:423)
	at org.anjocaido.groupmanager.dataholder.WorldDataHolder.loadGroups(WorldDataHolder.java:491)
	... 20 more

============================================================================

2014-05-29 19-20
=============================== GM ERROR LOG ===============================
= ERROR REPORT START - 2.0 (2.12.1) (Phoenix) =

java.lang.IllegalArgumentException: The following file couldn't pass on Parser.
plugins\GroupManager\worlds\void\groups.yml
	at org.anjocaido.groupmanager.dataholder.WorldDataHolder.loadGroups(WorldDataHolder.java:496)
	at org.anjocaido.groupmanager.dataholder.WorldDataHolder.loadGroups(WorldDataHolder.java:416)
	at org.anjocaido.groupmanager.dataholder.worlds.WorldsHolder.loadWorld(WorldsHolder.java:678)
	at org.anjocaido.groupmanager.dataholder.worlds.WorldsHolder.loadWorld(WorldsHolder.java:640)
	at org.anjocaido.groupmanager.dataholder.worlds.WorldsHolder.mirrorSetUp(WorldsHolder.java:182)
	at org.anjocaido.groupmanager.dataholder.worlds.WorldsHolder.initialLoad(WorldsHolder.java:102)
	at org.anjocaido.groupmanager.dataholder.worlds.WorldsHolder.resetWorldsHolder(WorldsHolder.java:92)
	at org.anjocaido.groupmanager.dataholder.worlds.WorldsHolder.<init>(WorldsHolder.java:59)
	at org.anjocaido.groupmanager.GroupManager.onEnable(GroupManager.java:169)
	at org.anjocaido.groupmanager.GroupManager.onEnable(GroupManager.java:93)
	at org.bukkit.plugin.java.JavaPlugin.setEnabled(JavaPlugin.java:250)
	at org.bukkit.plugin.java.JavaPluginLoader.enablePlugin(JavaPluginLoader.java:350)
	at org.bukkit.plugin.SimplePluginManager.enablePlugin(SimplePluginManager.java:389)
	at org.bukkit.craftbukkit.v1_7_R1.CraftServer.loadPlugin(CraftServer.java:439)
	at org.bukkit.craftbukkit.v1_7_R1.CraftServer.enablePlugins(CraftServer.java:375)
	at org.bukkit.craftbukkit.v1_7_R1.CraftServer.reload(CraftServer.java:773)
	at org.bukkit.Bukkit.reload(Bukkit.java:279)
	at org.bukkit.command.defaults.ReloadCommand.execute(ReloadCommand.java:23)
	at org.bukkit.command.SimpleCommandMap.dispatch(SimpleCommandMap.java:175)
	at org.bukkit.craftbukkit.v1_7_R1.CraftServer.dispatchCommand(CraftServer.java:683)
	at net.minecraft.server.v1_7_R1.PlayerConnection.handleCommand(PlayerConnection.java:952)
	at net.minecraft.server.v1_7_R1.PlayerConnection.a(PlayerConnection.java:814)
	at net.minecraft.server.v1_7_R1.PacketPlayInChat.a(PacketPlayInChat.java:28)
	at net.minecraft.server.v1_7_R1.PacketPlayInChat.handle(PacketPlayInChat.java:47)
	at net.minecraft.server.v1_7_R1.NetworkManager.a(NetworkManager.java:146)
	at net.minecraft.server.v1_7_R1.ServerConnection.c(SourceFile:134)
	at net.minecraft.server.v1_7_R1.MinecraftServer.u(MinecraftServer.java:655)
	at net.minecraft.server.v1_7_R1.DedicatedServer.u(DedicatedServer.java:250)
	at net.minecraft.server.v1_7_R1.MinecraftServer.t(MinecraftServer.java:545)
	at net.minecraft.server.v1_7_R1.MinecraftServer.run(MinecraftServer.java:457)
	at net.minecraft.server.v1_7_R1.ThreadServerApplication.run(SourceFile:617)
Caused by: while scanning for the next token
found character 	'\t' that cannot start any token
 in "<reader>", line 1019, column 1:
    	  
    ^

	at org.yaml.snakeyaml.scanner.ScannerImpl.fetchMoreTokens(ScannerImpl.java:358)
	at org.yaml.snakeyaml.scanner.ScannerImpl.checkToken(ScannerImpl.java:179)
	at org.yaml.snakeyaml.parser.ParserImpl$ParseBlockMappingKey.produce(ParserImpl.java:563)
	at org.yaml.snakeyaml.parser.ParserImpl.peekEvent(ParserImpl.java:161)
	at org.yaml.snakeyaml.parser.ParserImpl.checkEvent(ParserImpl.java:146)
	at org.yaml.snakeyaml.composer.Composer.composeMappingNode(Composer.java:230)
	at org.yaml.snakeyaml.composer.Composer.composeNode(Composer.java:160)
	at org.yaml.snakeyaml.composer.Composer.composeMappingNode(Composer.java:237)
	at org.yaml.snakeyaml.composer.Composer.composeNode(Composer.java:160)
	at org.yaml.snakeyaml.composer.Composer.composeMappingNode(Composer.java:237)
	at org.yaml.snakeyaml.composer.Composer.composeNode(Composer.java:160)
	at org.yaml.snakeyaml.composer.Composer.composeMappingNode(Composer.java:237)
	at org.yaml.snakeyaml.composer.Composer.composeNode(Composer.java:160)
	at org.yaml.snakeyaml.composer.Composer.composeDocument(Composer.java:123)
	at org.yaml.snakeyaml.composer.Composer.getSingleNode(Composer.java:106)
	at org.yaml.snakeyaml.constructor.BaseConstructor.getSingleData(BaseConstructor.java:121)
	at org.yaml.snakeyaml.Yaml.loadFromReader(Yaml.java:480)
	at org.yaml.snakeyaml.Yaml.load(Yaml.java:423)
	at org.anjocaido.groupmanager.dataholder.WorldDataHolder.loadGroups(WorldDataHolder.java:491)
	... 30 more

============================================================================

