#BS
#BS
#GetHyped
#FFS
#hashtags
#haghtags
#adasd
#hej
#
#ingenting
#Xia
#Xia
#Xiat
#BS
#BlackStreet
#IronHall
#mad
#Hej
#HashtagsStyre!
#Xia
#tags
#NSA
#BlackSteet
#BlackStreet
#RemoveKebab
#BS
#GhastTear
#14
#BlackStreet
#BlackStreet
#YoloSwag
#Test
#Fixalltheproblems
#Xia
#BlackStreet
#rekt
#Xia
#GameOver
#rekt
#rekt
#BlackStreet
#BlackStreet
#removekebab
#penge
#BS
#NoFloatingTrees
#RemoveKebab
#Xia
#GoCoal
#BlameH2
#BlackStream
#Swede
#YOLO
#OCD
#TeamSIF
#BlackStreet
#jegharSWAG
#Flower
#PigerErSejest!
#jadeterde
#Hej
#Hej
#rekt
#bannedsoon
#420BlazeIT
#420BlazeIT
#Hey
#WC
#temple
#APRILFOOLS
#temple
#hi
#derp
#derp
#bored
#lagg
#kongergate
#Ts3
#IP
